Using pre-set license
Built from '2020.3/release' branch; Version is '2020.3.2f1 (8fd9074bf66c) revision 9427207'; Using compiler version '192528614'; Build Type 'Release'
OS: 'Windows 10 Home; OS build 19043.1348; Version 2009; 64bit' Language: 'en' Physical Memory: 16234 MB
BatchMode: 1, IsHumanControllingUs: 0, StartBugReporterOnCrash: 0, Is64bit: 1, IsPro: 0

 COMMAND LINE ARGUMENTS:
D:\2020.3.2f1\Editor\Unity.exe
-adb2
-batchMode
-noUpm
-name
AssetImportWorker0
-projectPath
C:/Users/Administrator/Downloads/Blake-Summerfield-Breakout-Clone/Blake Summerfield Breakout Clone_clone_0
-logFile
Logs/AssetImportWorker0.log
-srvPort
52381
Successfully changed project path to: C:/Users/Administrator/Downloads/Blake-Summerfield-Breakout-Clone/Blake Summerfield Breakout Clone_clone_0
C:/Users/Administrator/Downloads/Blake-Summerfield-Breakout-Clone/Blake Summerfield Breakout Clone_clone_0
Using Asset Import Pipeline V2.
Refreshing native plugins compatible for Editor in 23.68 ms, found 0 plugins.
Preloading 0 native plugins for Editor in 0.00 ms.
Initialize engine version: 2020.3.2f1 (8fd9074bf66c)
[Subsystems] Discovering subsystems at path D:/2020.3.2f1/Editor/Data/Resources/UnitySubsystems
[Subsystems] Discovering subsystems at path C:/Users/Administrator/Downloads/Blake-Summerfield-Breakout-Clone/Blake Summerfield Breakout Clone_clone_0/Assets
GfxDevice: creating device client; threaded=0
Direct3D:
    Version:  Direct3D 11.0 [level 11.1]
    Renderer: NVIDIA GeForce GTX 1060 6GB (ID=0x1b83)
    Vendor:   
    VRAM:     6052 MB
    Driver:   30.0.14.9676
Initialize mono
Mono path[0] = 'D:/2020.3.2f1/Editor/Data/Managed'
Mono path[1] = 'D:/2020.3.2f1/Editor/Data/MonoBleedingEdge/lib/mono/unityjit'
Mono config path = 'D:/2020.3.2f1/Editor/Data/MonoBleedingEdge/etc'
Using monoOptions --debugger-agent=transport=dt_socket,embedding=1,server=y,suspend=n,address=127.0.0.1:56684
Begin MonoManager ReloadAssembly
Registering precompiled unity dll's ...
Register platform support module: D:/2020.3.2f1/Editor/Data/PlaybackEngines/WindowsStandaloneSupport/UnityEditor.WindowsStandalone.Extensions.dll
Registered in 0.000825 seconds.
Native extension for WindowsStandalone target not found
Refreshing native plugins compatible for Editor in 23.36 ms, found 0 plugins.
Preloading 0 native plugins for Editor in 0.00 ms.
Invoked RoslynAnalysisRunner static constructor.
RoslynAnalysisRunner will not be running.
RoslynAnalysisRunner has terminated.
Mono: successfully reloaded assembly
- Completed reload, in  1.329 seconds
Platform modules already initialized, skipping
Registering precompiled user dll's ...
Registered in 0.004218 seconds.
Begin MonoManager ReloadAssembly
Native extension for WindowsStandalone target not found
Refreshing native plugins compatible for Editor in 0.24 ms, found 0 plugins.
Preloading 0 native plugins for Editor in 0.00 ms.
Invoked RoslynAnalysisRunner static constructor.
RoslynAnalysisRunner will not be running.
RoslynAnalysisRunner has terminated.
Mono: successfully reloaded assembly
- Completed reload, in  0.717 seconds
Platform modules already initialized, skipping
========================================================================
Worker process is ready to serve import requests
Launched and connected shader compiler UnityShaderCompiler.exe after 0.03 seconds
Refreshing native plugins compatible for Editor in 0.38 ms, found 0 plugins.
Preloading 0 native plugins for Editor in 0.00 ms.
Unloading 1436 Unused Serialized files (Serialized files now loaded: 0)
System memory in use before: 68.2 MB.
System memory in use after: 68.3 MB.

Unloading 15 unused Assets to reduce memory usage. Loaded Objects now: 1873.
Total: 1.740700 ms (FindLiveObjects: 0.181900 ms CreateObjectMapping: 0.108300 ms MarkObjects: 1.380500 ms  DeleteObjects: 0.069100 ms)

========================================================================
Received Import Request.
  path: Assets/Imported/Mirror/Examples/MultipleMatches
  artifactKey: Guid(8e1be7be6da8e2448ba40eba0daa44b9) Importer(815301076,1909f56bfc062723c751e8b465ee728b)
Start importing Assets/Imported/Mirror/Examples/MultipleMatches using Guid(8e1be7be6da8e2448ba40eba0daa44b9) Importer(815301076,1909f56bfc062723c751e8b465ee728b)  -> (artifact id: 'bbf581262f2f529e7b3a4bdf48dd0852') in 0.004130 seconds
  Import took 0.006524 seconds .

========================================================================
Received Import Request.
  Time since last request: 7.397223 seconds.
  path: Assets/Imported/Mirror/Examples/MultipleMatches/Scenes/Main.unity
  artifactKey: Guid(aa1f875396fa7d348a782cebc2f75d7c) Importer(815301076,1909f56bfc062723c751e8b465ee728b)
Start importing Assets/Imported/Mirror/Examples/MultipleMatches/Scenes/Main.unity using Guid(aa1f875396fa7d348a782cebc2f75d7c) Importer(815301076,1909f56bfc062723c751e8b465ee728b)  -> (artifact id: '781378bfeb1baeeb20dfe7862f33936e') in 0.006961 seconds
  Import took 0.009502 seconds .

========================================================================
Received Prepare
Registering precompiled user dll's ...
Registered in 0.004489 seconds.
Begin MonoManager ReloadAssembly
Native extension for WindowsStandalone target not found
Refreshing native plugins compatible for Editor in 0.33 ms, found 0 plugins.
Preloading 0 native plugins for Editor in 0.00 ms.
Invoked RoslynAnalysisRunner static constructor.
RoslynAnalysisRunner will not be running.
RoslynAnalysisRunner has terminated.
Mono: successfully reloaded assembly
- Completed reload, in  0.909 seconds
Platform modules already initialized, skipping
Refreshing native plugins compatible for Editor in 0.33 ms, found 0 plugins.
Preloading 0 native plugins for Editor in 0.00 ms.
Unloading 1418 Unused Serialized files (Serialized files now loaded: 0)
System memory in use before: 66.9 MB.
System memory in use after: 67.0 MB.

Unloading 10 unused Assets to reduce memory usage. Loaded Objects now: 1876.
Total: 3.305900 ms (FindLiveObjects: 0.274700 ms CreateObjectMapping: 0.094300 ms MarkObjects: 2.868500 ms  DeleteObjects: 0.066600 ms)

========================================================================
Received Import Request.
  Time since last request: 148.639893 seconds.
  path: Assets/Imported/Mirror/Examples/Basic/Scenes
  artifactKey: Guid(16f46473489d3364badc2f37c4db8634) Importer(815301076,1909f56bfc062723c751e8b465ee728b)
Start importing Assets/Imported/Mirror/Examples/Basic/Scenes using Guid(16f46473489d3364badc2f37c4db8634) Importer(815301076,1909f56bfc062723c751e8b465ee728b)  -> (artifact id: 'ba8d52a7aa4ddb59f67c1a66745d1813') in 0.004614 seconds
  Import took 0.007822 seconds .

========================================================================
Received Import Request.
  Time since last request: 0.809289 seconds.
  path: Assets/Imported/Mirror/Examples/Basic/Scenes/Example.unity
  artifactKey: Guid(b30904751905d3f4dacde62ac85ec7c2) Importer(815301076,1909f56bfc062723c751e8b465ee728b)
Start importing Assets/Imported/Mirror/Examples/Basic/Scenes/Example.unity using Guid(b30904751905d3f4dacde62ac85ec7c2) Importer(815301076,1909f56bfc062723c751e8b465ee728b)  -> (artifact id: '219b3bcb6945c09665a4f66d6866295b') in 0.008020 seconds
  Import took 0.011041 seconds .

========================================================================
Received Prepare
Registering precompiled user dll's ...
Registered in 0.004249 seconds.
Begin MonoManager ReloadAssembly
Native extension for WindowsStandalone target not found
Refreshing native plugins compatible for Editor in 0.34 ms, found 0 plugins.
Preloading 0 native plugins for Editor in 0.00 ms.
Invoked RoslynAnalysisRunner static constructor.
RoslynAnalysisRunner will not be running.
RoslynAnalysisRunner has terminated.
Mono: successfully reloaded assembly
- Completed reload, in  0.898 seconds
Platform modules already initialized, skipping
Refreshing native plugins compatible for Editor in 0.28 ms, found 0 plugins.
Preloading 0 native plugins for Editor in 0.00 ms.
Unloading 1418 Unused Serialized files (Serialized files now loaded: 0)
System memory in use before: 66.9 MB.
System memory in use after: 67.0 MB.

Unloading 10 unused Assets to reduce memory usage. Loaded Objects now: 1879.
Total: 2.002000 ms (FindLiveObjects: 0.328000 ms CreateObjectMapping: 0.051600 ms MarkObjects: 1.576500 ms  DeleteObjects: 0.044400 ms)

========================================================================
Received Import Request.
  Time since last request: 24.023898 seconds.
  path: Assets/Imported/Mirror/Examples/Benchmark/Prefabs
  artifactKey: Guid(29276b4f741904266bb3eb6331bee4ab) Importer(815301076,1909f56bfc062723c751e8b465ee728b)
Start importing Assets/Imported/Mirror/Examples/Benchmark/Prefabs using Guid(29276b4f741904266bb3eb6331bee4ab) Importer(815301076,1909f56bfc062723c751e8b465ee728b)  -> (artifact id: '0dde4a2dcc4d43c22ce8d9230601ea8f') in 0.003949 seconds
  Import took 0.007145 seconds .

========================================================================
Received Import Request.
  Time since last request: 0.476054 seconds.
  path: Assets/Imported/Mirror/Examples/Benchmark/Scenes
  artifactKey: Guid(1507ce547cd6a42ddb4ba60c3552dc48) Importer(815301076,1909f56bfc062723c751e8b465ee728b)
Start importing Assets/Imported/Mirror/Examples/Benchmark/Scenes using Guid(1507ce547cd6a42ddb4ba60c3552dc48) Importer(815301076,1909f56bfc062723c751e8b465ee728b)  -> (artifact id: 'cbcb46e2f4452e3f38d744f34d511bf9') in 0.002041 seconds
  Import took 0.005293 seconds .

========================================================================
Received Import Request.
  Time since last request: 0.512477 seconds.
  path: Assets/Imported/Mirror/Examples/Benchmark/Scenes/Scene.unity
  artifactKey: Guid(3b956c7d68b6144dd8e6c36636e25b52) Importer(815301076,1909f56bfc062723c751e8b465ee728b)
Start importing Assets/Imported/Mirror/Examples/Benchmark/Scenes/Scene.unity using Guid(3b956c7d68b6144dd8e6c36636e25b52) Importer(815301076,1909f56bfc062723c751e8b465ee728b)  -> (artifact id: '2690be80acaef7c27c29096f624b6831') in 0.007865 seconds
  Import took 0.010843 seconds .

========================================================================
Received Prepare
Registering precompiled user dll's ...
Registered in 0.004407 seconds.
Begin MonoManager ReloadAssembly
Native extension for WindowsStandalone target not found
Refreshing native plugins compatible for Editor in 0.36 ms, found 0 plugins.
Preloading 0 native plugins for Editor in 0.00 ms.
Invoked RoslynAnalysisRunner static constructor.
RoslynAnalysisRunner will not be running.
RoslynAnalysisRunner has terminated.
Mono: successfully reloaded assembly
- Completed reload, in  0.812 seconds
Platform modules already initialized, skipping
Refreshing native plugins compatible for Editor in 0.51 ms, found 0 plugins.
Preloading 0 native plugins for Editor in 0.00 ms.
Unloading 1418 Unused Serialized files (Serialized files now loaded: 0)
System memory in use before: 67.0 MB.
System memory in use after: 67.0 MB.

Unloading 10 unused Assets to reduce memory usage. Loaded Objects now: 1882.
Total: 1.767500 ms (FindLiveObjects: 0.260000 ms CreateObjectMapping: 0.071900 ms MarkObjects: 1.391500 ms  DeleteObjects: 0.043100 ms)

========================================================================
Received Prepare
Registering precompiled user dll's ...
Registered in 0.003942 seconds.
Begin MonoManager ReloadAssembly
Native extension for WindowsStandalone target not found
Refreshing native plugins compatible for Editor in 0.24 ms, found 0 plugins.
Preloading 0 native plugins for Editor in 0.00 ms.
Invoked RoslynAnalysisRunner static constructor.
RoslynAnalysisRunner will not be running.
RoslynAnalysisRunner has terminated.
Mono: successfully reloaded assembly
- Completed reload, in  0.639 seconds
Platform modules already initialized, skipping
Refreshing native plugins compatible for Editor in 0.24 ms, found 0 plugins.
Preloading 0 native plugins for Editor in 0.00 ms.
Unloading 1418 Unused Serialized files (Serialized files now loaded: 0)
System memory in use before: 67.0 MB.
System memory in use after: 67.0 MB.

Unloading 10 unused Assets to reduce memory usage. Loaded Objects now: 1885.
Total: 1.415600 ms (FindLiveObjects: 0.136200 ms CreateObjectMapping: 0.037900 ms MarkObjects: 1.197700 ms  DeleteObjects: 0.042800 ms)

========================================================================
Received Import Request.
  Time since last request: 243.152742 seconds.
  path: Assets/Scenes/MainGameScene.unity
  artifactKey: Guid(9fc0d4010bbf28b4594072e72b8655ab) Importer(815301076,1909f56bfc062723c751e8b465ee728b)
Start importing Assets/Scenes/MainGameScene.unity using Guid(9fc0d4010bbf28b4594072e72b8655ab) Importer(815301076,1909f56bfc062723c751e8b465ee728b)  -> (artifact id: '810d8e3e5209b94c6721f50ef2c7f65b') in 0.009835 seconds
  Import took 0.013241 seconds .

========================================================================
Received Import Request.
  Time since last request: 5.112874 seconds.
  path: Assets/Scenes/MainGameScene.unity
  artifactKey: Guid(9fc0d4010bbf28b4594072e72b8655ab) Importer(815301076,1909f56bfc062723c751e8b465ee728b)
Start importing Assets/Scenes/MainGameScene.unity using Guid(9fc0d4010bbf28b4594072e72b8655ab) Importer(815301076,1909f56bfc062723c751e8b465ee728b)  -> (artifact id: '9f40605b152b0e41277f02f371a35119') in 0.002299 seconds
  Import took 0.005428 seconds .

========================================================================
Received Prepare
Registering precompiled user dll's ...
Registered in 0.005154 seconds.
Begin MonoManager ReloadAssembly
Native extension for WindowsStandalone target not found
Refreshing native plugins compatible for Editor in 0.28 ms, found 0 plugins.
Preloading 0 native plugins for Editor in 0.00 ms.
Invoked RoslynAnalysisRunner static constructor.
RoslynAnalysisRunner will not be running.
RoslynAnalysisRunner has terminated.
Mono: successfully reloaded assembly
- Completed reload, in  0.901 seconds
Platform modules already initialized, skipping
Refreshing native plugins compatible for Editor in 0.66 ms, found 0 plugins.
Preloading 0 native plugins for Editor in 0.00 ms.
Unloading 1418 Unused Serialized files (Serialized files now loaded: 0)
System memory in use before: 67.0 MB.
System memory in use after: 67.1 MB.

Unloading 10 unused Assets to reduce memory usage. Loaded Objects now: 1888.
Total: 2.041900 ms (FindLiveObjects: 0.351800 ms CreateObjectMapping: 0.060700 ms MarkObjects: 1.579100 ms  DeleteObjects: 0.049100 ms)

========================================================================
Received Prepare
Registering precompiled user dll's ...
Registered in 0.003877 seconds.
Begin MonoManager ReloadAssembly
Native extension for WindowsStandalone target not found
Refreshing native plugins compatible for Editor in 0.24 ms, found 0 plugins.
Preloading 0 native plugins for Editor in 0.00 ms.
Invoked RoslynAnalysisRunner static constructor.
RoslynAnalysisRunner will not be running.
RoslynAnalysisRunner has terminated.
Mono: successfully reloaded assembly
- Completed reload, in  0.674 seconds
Platform modules already initialized, skipping
Refreshing native plugins compatible for Editor in 0.24 ms, found 0 plugins.
Preloading 0 native plugins for Editor in 0.00 ms.
Unloading 1418 Unused Serialized files (Serialized files now loaded: 0)
System memory in use before: 67.0 MB.
System memory in use after: 67.1 MB.

Unloading 10 unused Assets to reduce memory usage. Loaded Objects now: 1891.
Total: 1.742300 ms (FindLiveObjects: 0.245900 ms CreateObjectMapping: 0.077200 ms MarkObjects: 1.375300 ms  DeleteObjects: 0.042800 ms)

========================================================================
Received Prepare
Registering precompiled user dll's ...
Registered in 0.005772 seconds.
Begin MonoManager ReloadAssembly
Native extension for WindowsStandalone target not found
Refreshing native plugins compatible for Editor in 0.52 ms, found 0 plugins.
Preloading 0 native plugins for Editor in 0.00 ms.
Invoked RoslynAnalysisRunner static constructor.
RoslynAnalysisRunner will not be running.
RoslynAnalysisRunner has terminated.
Mono: successfully reloaded assembly
- Completed reload, in  0.902 seconds
Platform modules already initialized, skipping
Refreshing native plugins compatible for Editor in 0.30 ms, found 0 plugins.
Preloading 0 native plugins for Editor in 0.00 ms.
Unloading 1418 Unused Serialized files (Serialized files now loaded: 0)
System memory in use before: 67.0 MB.
System memory in use after: 67.1 MB.

Unloading 10 unused Assets to reduce memory usage. Loaded Objects now: 1894.
Total: 2.290100 ms (FindLiveObjects: 0.240400 ms CreateObjectMapping: 0.076000 ms MarkObjects: 1.913300 ms  DeleteObjects: 0.058900 ms)

========================================================================
Received Prepare
Registering precompiled user dll's ...
Registered in 0.003792 seconds.
Begin MonoManager ReloadAssembly
Native extension for WindowsStandalone target not found
Refreshing native plugins compatible for Editor in 0.28 ms, found 0 plugins.
Preloading 0 native plugins for Editor in 0.00 ms.
Invoked RoslynAnalysisRunner static constructor.
RoslynAnalysisRunner will not be running.
RoslynAnalysisRunner has terminated.
Mono: successfully reloaded assembly
- Completed reload, in  0.721 seconds
Platform modules already initialized, skipping
Refreshing native plugins compatible for Editor in 0.24 ms, found 0 plugins.
Preloading 0 native plugins for Editor in 0.00 ms.
Unloading 1418 Unused Serialized files (Serialized files now loaded: 0)
System memory in use before: 67.0 MB.
System memory in use after: 67.1 MB.

Unloading 10 unused Assets to reduce memory usage. Loaded Objects now: 1897.
Total: 1.681800 ms (FindLiveObjects: 0.278400 ms CreateObjectMapping: 0.098400 ms MarkObjects: 1.258100 ms  DeleteObjects: 0.045800 ms)

========================================================================
Received Prepare
Registering precompiled user dll's ...
Registered in 0.004663 seconds.
Begin MonoManager ReloadAssembly
Native extension for WindowsStandalone target not found
Refreshing native plugins compatible for Editor in 0.29 ms, found 0 plugins.
Preloading 0 native plugins for Editor in 0.00 ms.
Invoked RoslynAnalysisRunner static constructor.
RoslynAnalysisRunner will not be running.
RoslynAnalysisRunner has terminated.
Mono: successfully reloaded assembly
- Completed reload, in  0.932 seconds
Platform modules already initialized, skipping
Refreshing native plugins compatible for Editor in 0.42 ms, found 0 plugins.
Preloading 0 native plugins for Editor in 0.00 ms.
Unloading 1418 Unused Serialized files (Serialized files now loaded: 0)
System memory in use before: 67.1 MB.
System memory in use after: 67.1 MB.

Unloading 10 unused Assets to reduce memory usage. Loaded Objects now: 1900.
Total: 3.183100 ms (FindLiveObjects: 0.329100 ms CreateObjectMapping: 0.106200 ms MarkObjects: 2.679100 ms  DeleteObjects: 0.066200 ms)

========================================================================
Received Prepare
Registering precompiled user dll's ...
Registered in 0.003814 seconds.
Begin MonoManager ReloadAssembly
Native extension for WindowsStandalone target not found
Refreshing native plugins compatible for Editor in 0.26 ms, found 0 plugins.
Preloading 0 native plugins for Editor in 0.00 ms.
Invoked RoslynAnalysisRunner static constructor.
RoslynAnalysisRunner will not be running.
RoslynAnalysisRunner has terminated.
Mono: successfully reloaded assembly
- Completed reload, in  0.753 seconds
Platform modules already initialized, skipping
Refreshing native plugins compatible for Editor in 0.26 ms, found 0 plugins.
Preloading 0 native plugins for Editor in 0.00 ms.
Unloading 1418 Unused Serialized files (Serialized files now loaded: 0)
System memory in use before: 67.1 MB.
System memory in use after: 67.1 MB.

Unloading 10 unused Assets to reduce memory usage. Loaded Objects now: 1903.
Total: 1.724000 ms (FindLiveObjects: 0.167800 ms CreateObjectMapping: 0.054400 ms MarkObjects: 1.451400 ms  DeleteObjects: 0.049300 ms)

========================================================================
Received Prepare
Registering precompiled user dll's ...
Registered in 0.004850 seconds.
Begin MonoManager ReloadAssembly
Native extension for WindowsStandalone target not found
Refreshing native plugins compatible for Editor in 0.39 ms, found 0 plugins.
Preloading 0 native plugins for Editor in 0.00 ms.
Invoked RoslynAnalysisRunner static constructor.
RoslynAnalysisRunner will not be running.
RoslynAnalysisRunner has terminated.
Mono: successfully reloaded assembly
- Completed reload, in  0.969 seconds
Platform modules already initialized, skipping
Refreshing native plugins compatible for Editor in 0.29 ms, found 0 plugins.
Preloading 0 native plugins for Editor in 0.00 ms.
Unloading 1418 Unused Serialized files (Serialized files now loaded: 0)
System memory in use before: 67.1 MB.
System memory in use after: 67.1 MB.

Unloading 10 unused Assets to reduce memory usage. Loaded Objects now: 1906.
Total: 3.144900 ms (FindLiveObjects: 0.304700 ms CreateObjectMapping: 0.157400 ms MarkObjects: 2.629500 ms  DeleteObjects: 0.052100 ms)

========================================================================
Received Prepare
Registering precompiled user dll's ...
Registered in 0.003949 seconds.
Begin MonoManager ReloadAssembly
Native extension for WindowsStandalone target not found
Refreshing native plugins compatible for Editor in 0.36 ms, found 0 plugins.
Preloading 0 native plugins for Editor in 0.00 ms.
Invoked RoslynAnalysisRunner static constructor.
RoslynAnalysisRunner will not be running.
RoslynAnalysisRunner has terminated.
Mono: successfully reloaded assembly
- Completed reload, in  0.701 seconds
Platform modules already initialized, skipping
Refreshing native plugins compatible for Editor in 0.28 ms, found 0 plugins.
Preloading 0 native plugins for Editor in 0.00 ms.
Unloading 1418 Unused Serialized files (Serialized files now loaded: 0)
System memory in use before: 67.1 MB.
System memory in use after: 67.1 MB.

Unloading 10 unused Assets to reduce memory usage. Loaded Objects now: 1909.
Total: 1.878800 ms (FindLiveObjects: 0.177400 ms CreateObjectMapping: 0.107000 ms MarkObjects: 1.542100 ms  DeleteObjects: 0.051100 ms)

========================================================================
Received Prepare
Registering precompiled user dll's ...
Registered in 0.004322 seconds.
Begin MonoManager ReloadAssembly
Native extension for WindowsStandalone target not found
Refreshing native plugins compatible for Editor in 0.28 ms, found 0 plugins.
Preloading 0 native plugins for Editor in 0.00 ms.
Invoked RoslynAnalysisRunner static constructor.
RoslynAnalysisRunner will not be running.
RoslynAnalysisRunner has terminated.
Mono: successfully reloaded assembly
- Completed reload, in  0.874 seconds
Platform modules already initialized, skipping
Refreshing native plugins compatible for Editor in 0.31 ms, found 0 plugins.
Preloading 0 native plugins for Editor in 0.00 ms.
Unloading 1418 Unused Serialized files (Serialized files now loaded: 0)
System memory in use before: 67.1 MB.
System memory in use after: 67.1 MB.

Unloading 10 unused Assets to reduce memory usage. Loaded Objects now: 1912.
Total: 2.605000 ms (FindLiveObjects: 0.415600 ms CreateObjectMapping: 0.175700 ms MarkObjects: 1.964300 ms  DeleteObjects: 0.047300 ms)

========================================================================
Received Prepare
Registering precompiled user dll's ...
Registered in 0.003758 seconds.
Begin MonoManager ReloadAssembly
Native extension for WindowsStandalone target not found
Refreshing native plugins compatible for Editor in 0.23 ms, found 0 plugins.
Preloading 0 native plugins for Editor in 0.00 ms.
Invoked RoslynAnalysisRunner static constructor.
RoslynAnalysisRunner will not be running.
RoslynAnalysisRunner has terminated.
Mono: successfully reloaded assembly
- Completed reload, in  0.656 seconds
Platform modules already initialized, skipping
Refreshing native plugins compatible for Editor in 0.24 ms, found 0 plugins.
Preloading 0 native plugins for Editor in 0.00 ms.
Unloading 1418 Unused Serialized files (Serialized files now loaded: 0)
System memory in use before: 67.1 MB.
System memory in use after: 67.2 MB.

Unloading 10 unused Assets to reduce memory usage. Loaded Objects now: 1915.
Total: 2.355800 ms (FindLiveObjects: 0.349700 ms CreateObjectMapping: 0.122500 ms MarkObjects: 1.802200 ms  DeleteObjects: 0.079600 ms)

========================================================================
Received Prepare
Registering precompiled user dll's ...
Registered in 0.003773 seconds.
Begin MonoManager ReloadAssembly
Native extension for WindowsStandalone target not found
Refreshing native plugins compatible for Editor in 0.24 ms, found 0 plugins.
Preloading 0 native plugins for Editor in 0.00 ms.
Invoked RoslynAnalysisRunner static constructor.
RoslynAnalysisRunner will not be running.
RoslynAnalysisRunner has terminated.
Mono: successfully reloaded assembly
- Completed reload, in  0.701 seconds
Platform modules already initialized, skipping
Refreshing native plugins compatible for Editor in 0.24 ms, found 0 plugins.
Preloading 0 native plugins for Editor in 0.00 ms.
Unloading 1418 Unused Serialized files (Serialized files now loaded: 0)
System memory in use before: 67.1 MB.
System memory in use after: 67.2 MB.

Unloading 10 unused Assets to reduce memory usage. Loaded Objects now: 1918.
Total: 1.729500 ms (FindLiveObjects: 0.175000 ms CreateObjectMapping: 0.049200 ms MarkObjects: 1.453300 ms  DeleteObjects: 0.050600 ms)

========================================================================
Received Prepare
Registering precompiled user dll's ...
Registered in 0.005038 seconds.
Begin MonoManager ReloadAssembly
Native extension for WindowsStandalone target not found
Refreshing native plugins compatible for Editor in 0.37 ms, found 0 plugins.
Preloading 0 native plugins for Editor in 0.00 ms.
Invoked RoslynAnalysisRunner static constructor.
RoslynAnalysisRunner will not be running.
RoslynAnalysisRunner has terminated.
Mono: successfully reloaded assembly
- Completed reload, in  0.677 seconds
Platform modules already initialized, skipping
Refreshing native plugins compatible for Editor in 0.25 ms, found 0 plugins.
Preloading 0 native plugins for Editor in 0.00 ms.
Unloading 1418 Unused Serialized files (Serialized files now loaded: 0)
System memory in use before: 67.1 MB.
System memory in use after: 67.2 MB.

Unloading 10 unused Assets to reduce memory usage. Loaded Objects now: 1921.
Total: 1.955700 ms (FindLiveObjects: 0.301800 ms CreateObjectMapping: 0.153500 ms MarkObjects: 1.447800 ms  DeleteObjects: 0.051200 ms)

========================================================================
Received Import Request.
  Time since last request: 3326.425681 seconds.
  path: Assets/Scenes/MainGameScene.unity
  artifactKey: Guid(9fc0d4010bbf28b4594072e72b8655ab) Importer(815301076,1909f56bfc062723c751e8b465ee728b)
Start importing Assets/Scenes/MainGameScene.unity using Guid(9fc0d4010bbf28b4594072e72b8655ab) Importer(815301076,1909f56bfc062723c751e8b465ee728b)  -> (artifact id: 'f34976b0a638891c99c42087477cab5d') in 0.008727 seconds
  Import took 0.011590 seconds .

========================================================================
Received Import Request.
  Time since last request: 0.060103 seconds.
  path: Assets/Scenes/MainGameScene.unity
  artifactKey: Guid(9fc0d4010bbf28b4594072e72b8655ab) Importer(815301076,1909f56bfc062723c751e8b465ee728b)
Start importing Assets/Scenes/MainGameScene.unity using Guid(9fc0d4010bbf28b4594072e72b8655ab) Importer(815301076,1909f56bfc062723c751e8b465ee728b)  -> (artifact id: 'f34976b0a638891c99c42087477cab5d') in 0.002855 seconds
  Import took 0.005136 seconds .

========================================================================
Received Prepare
Registering precompiled user dll's ...
Registered in 0.003921 seconds.
Begin MonoManager ReloadAssembly
Native extension for WindowsStandalone target not found
Refreshing native plugins compatible for Editor in 0.24 ms, found 0 plugins.
Preloading 0 native plugins for Editor in 0.00 ms.
Invoked RoslynAnalysisRunner static constructor.
RoslynAnalysisRunner will not be running.
RoslynAnalysisRunner has terminated.
Mono: successfully reloaded assembly
- Completed reload, in  0.635 seconds
Platform modules already initialized, skipping
Refreshing native plugins compatible for Editor in 0.25 ms, found 0 plugins.
Preloading 0 native plugins for Editor in 0.00 ms.
Unloading 1418 Unused Serialized files (Serialized files now loaded: 0)
System memory in use before: 67.1 MB.
System memory in use after: 67.2 MB.

Unloading 10 unused Assets to reduce memory usage. Loaded Objects now: 1924.
Total: 1.529200 ms (FindLiveObjects: 0.167300 ms CreateObjectMapping: 0.074800 ms MarkObjects: 1.241500 ms  DeleteObjects: 0.044500 ms)

========================================================================
Received Prepare
Registering precompiled user dll's ...
Registered in 0.004731 seconds.
Begin MonoManager ReloadAssembly
Native extension for WindowsStandalone target not found
Refreshing native plugins compatible for Editor in 0.30 ms, found 0 plugins.
Preloading 0 native plugins for Editor in 0.00 ms.
Invoked RoslynAnalysisRunner static constructor.
RoslynAnalysisRunner will not be running.
RoslynAnalysisRunner has terminated.
Mono: successfully reloaded assembly
- Completed reload, in  0.890 seconds
Platform modules already initialized, skipping
Refreshing native plugins compatible for Editor in 0.32 ms, found 0 plugins.
Preloading 0 native plugins for Editor in 0.00 ms.
Unloading 1418 Unused Serialized files (Serialized files now loaded: 0)
System memory in use before: 67.1 MB.
System memory in use after: 67.2 MB.

Unloading 10 unused Assets to reduce memory usage. Loaded Objects now: 1927.
Total: 2.469600 ms (FindLiveObjects: 0.375300 ms CreateObjectMapping: 0.101600 ms MarkObjects: 1.939900 ms  DeleteObjects: 0.049900 ms)

========================================================================
Received Prepare
Registering precompiled user dll's ...
Registered in 0.003842 seconds.
Begin MonoManager ReloadAssembly
Native extension for WindowsStandalone target not found
Refreshing native plugins compatible for Editor in 0.25 ms, found 0 plugins.
Preloading 0 native plugins for Editor in 0.00 ms.
Invoked RoslynAnalysisRunner static constructor.
RoslynAnalysisRunner will not be running.
RoslynAnalysisRunner has terminated.
Mono: successfully reloaded assembly
- Completed reload, in  0.655 seconds
Platform modules already initialized, skipping
Refreshing native plugins compatible for Editor in 0.24 ms, found 0 plugins.
Preloading 0 native plugins for Editor in 0.00 ms.
Unloading 1418 Unused Serialized files (Serialized files now loaded: 0)
System memory in use before: 67.1 MB.
System memory in use after: 67.2 MB.

Unloading 10 unused Assets to reduce memory usage. Loaded Objects now: 1930.
Total: 1.613100 ms (FindLiveObjects: 0.138100 ms CreateObjectMapping: 0.042600 ms MarkObjects: 1.388400 ms  DeleteObjects: 0.042800 ms)

========================================================================
Received Prepare
Registering precompiled user dll's ...
Registered in 0.005299 seconds.
Begin MonoManager ReloadAssembly
Native extension for WindowsStandalone target not found
Refreshing native plugins compatible for Editor in 0.49 ms, found 0 plugins.
Preloading 0 native plugins for Editor in 0.00 ms.
Invoked RoslynAnalysisRunner static constructor.
RoslynAnalysisRunner will not be running.
RoslynAnalysisRunner has terminated.
Mono: successfully reloaded assembly
- Completed reload, in  0.904 seconds
Platform modules already initialized, skipping
Refreshing native plugins compatible for Editor in 0.32 ms, found 0 plugins.
Preloading 0 native plugins for Editor in 0.00 ms.
Unloading 1418 Unused Serialized files (Serialized files now loaded: 0)
System memory in use before: 67.1 MB.
System memory in use after: 67.2 MB.

Unloading 10 unused Assets to reduce memory usage. Loaded Objects now: 1933.
Total: 2.609300 ms (FindLiveObjects: 0.322800 ms CreateObjectMapping: 0.163400 ms MarkObjects: 2.068100 ms  DeleteObjects: 0.053200 ms)

========================================================================
Received Prepare
Registering precompiled user dll's ...
Registered in 0.003939 seconds.
Begin MonoManager ReloadAssembly
Native extension for WindowsStandalone target not found
Refreshing native plugins compatible for Editor in 0.33 ms, found 0 plugins.
Preloading 0 native plugins for Editor in 0.00 ms.
Invoked RoslynAnalysisRunner static constructor.
RoslynAnalysisRunner will not be running.
RoslynAnalysisRunner has terminated.
Mono: successfully reloaded assembly
- Completed reload, in  0.892 seconds
Platform modules already initialized, skipping
Refreshing native plugins compatible for Editor in 0.47 ms, found 0 plugins.
Preloading 0 native plugins for Editor in 0.00 ms.
Unloading 1418 Unused Serialized files (Serialized files now loaded: 0)
System memory in use before: 67.1 MB.
System memory in use after: 67.2 MB.

Unloading 10 unused Assets to reduce memory usage. Loaded Objects now: 1936.
Total: 3.280300 ms (FindLiveObjects: 0.280000 ms CreateObjectMapping: 0.053700 ms MarkObjects: 2.659600 ms  DeleteObjects: 0.281400 ms)

========================================================================
Received Prepare
Registering precompiled user dll's ...
Registered in 0.006232 seconds.
Begin MonoManager ReloadAssembly
Native extension for WindowsStandalone target not found
Refreshing native plugins compatible for Editor in 0.24 ms, found 0 plugins.
Preloading 0 native plugins for Editor in 0.00 ms.
Invoked RoslynAnalysisRunner static constructor.
RoslynAnalysisRunner will not be running.
RoslynAnalysisRunner has terminated.
Mono: successfully reloaded assembly
- Completed reload, in  0.658 seconds
Platform modules already initialized, skipping
Refreshing native plugins compatible for Editor in 0.24 ms, found 0 plugins.
Preloading 0 native plugins for Editor in 0.00 ms.
Unloading 1418 Unused Serialized files (Serialized files now loaded: 0)
System memory in use before: 67.1 MB.
System memory in use after: 67.2 MB.

Unloading 10 unused Assets to reduce memory usage. Loaded Objects now: 1939.
Total: 2.585900 ms (FindLiveObjects: 0.318800 ms CreateObjectMapping: 0.099100 ms MarkObjects: 2.118100 ms  DeleteObjects: 0.048600 ms)

========================================================================
Received Prepare
Registering precompiled user dll's ...
Registered in 0.004522 seconds.
Begin MonoManager ReloadAssembly
Native extension for WindowsStandalone target not found
Refreshing native plugins compatible for Editor in 0.57 ms, found 0 plugins.
Preloading 0 native plugins for Editor in 0.00 ms.
Invoked RoslynAnalysisRunner static constructor.
RoslynAnalysisRunner will not be running.
RoslynAnalysisRunner has terminated.
Mono: successfully reloaded assembly
- Completed reload, in  0.925 seconds
Platform modules already initialized, skipping
Refreshing native plugins compatible for Editor in 0.32 ms, found 0 plugins.
Preloading 0 native plugins for Editor in 0.00 ms.
Unloading 1418 Unused Serialized files (Serialized files now loaded: 0)
System memory in use before: 67.1 MB.
System memory in use after: 67.2 MB.

Unloading 10 unused Assets to reduce memory usage. Loaded Objects now: 1942.
Total: 1.982000 ms (FindLiveObjects: 0.343100 ms CreateObjectMapping: 0.123300 ms MarkObjects: 1.455100 ms  DeleteObjects: 0.059300 ms)

========================================================================
Received Prepare
Registering precompiled user dll's ...
Registered in 0.003916 seconds.
Begin MonoManager ReloadAssembly
Native extension for WindowsStandalone target not found
Refreshing native plugins compatible for Editor in 0.25 ms, found 0 plugins.
Preloading 0 native plugins for Editor in 0.00 ms.
Invoked RoslynAnalysisRunner static constructor.
RoslynAnalysisRunner will not be running.
RoslynAnalysisRunner has terminated.
Mono: successfully reloaded assembly
- Completed reload, in  0.710 seconds
Platform modules already initialized, skipping
Refreshing native plugins compatible for Editor in 0.24 ms, found 0 plugins.
Preloading 0 native plugins for Editor in 0.00 ms.
Unloading 1418 Unused Serialized files (Serialized files now loaded: 0)
System memory in use before: 67.1 MB.
System memory in use after: 67.2 MB.

Unloading 10 unused Assets to reduce memory usage. Loaded Objects now: 1945.
Total: 2.237300 ms (FindLiveObjects: 0.222700 ms CreateObjectMapping: 0.141800 ms MarkObjects: 1.783500 ms  DeleteObjects: 0.088200 ms)

========================================================================
Received Prepare
Registering precompiled user dll's ...
Registered in 0.004186 seconds.
Begin MonoManager ReloadAssembly
Native extension for WindowsStandalone target not found
Refreshing native plugins compatible for Editor in 0.31 ms, found 0 plugins.
Preloading 0 native plugins for Editor in 0.00 ms.
Invoked RoslynAnalysisRunner static constructor.
RoslynAnalysisRunner will not be running.
RoslynAnalysisRunner has terminated.
Mono: successfully reloaded assembly
- Completed reload, in  0.928 seconds
Platform modules already initialized, skipping
Refreshing native plugins compatible for Editor in 0.40 ms, found 0 plugins.
Preloading 0 native plugins for Editor in 0.00 ms.
Unloading 1418 Unused Serialized files (Serialized files now loaded: 0)
System memory in use before: 67.1 MB.
System memory in use after: 67.2 MB.

Unloading 10 unused Assets to reduce memory usage. Loaded Objects now: 1948.
Total: 2.252800 ms (FindLiveObjects: 0.252800 ms CreateObjectMapping: 0.116200 ms MarkObjects: 1.836900 ms  DeleteObjects: 0.045400 ms)

========================================================================
Received Prepare
Registering precompiled user dll's ...
Registered in 0.003794 seconds.
Begin MonoManager ReloadAssembly
Native extension for WindowsStandalone target not found
Refreshing native plugins compatible for Editor in 0.24 ms, found 0 plugins.
Preloading 0 native plugins for Editor in 0.00 ms.
Invoked RoslynAnalysisRunner static constructor.
RoslynAnalysisRunner will not be running.
RoslynAnalysisRunner has terminated.
Mono: successfully reloaded assembly
- Completed reload, in  0.701 seconds
Platform modules already initialized, skipping
Refreshing native plugins compatible for Editor in 0.37 ms, found 0 plugins.
Preloading 0 native plugins for Editor in 0.00 ms.
Unloading 1418 Unused Serialized files (Serialized files now loaded: 0)
System memory in use before: 67.1 MB.
System memory in use after: 67.2 MB.

Unloading 10 unused Assets to reduce memory usage. Loaded Objects now: 1951.
Total: 1.823200 ms (FindLiveObjects: 0.237200 ms CreateObjectMapping: 0.084200 ms MarkObjects: 1.451000 ms  DeleteObjects: 0.049700 ms)

========================================================================
Received Prepare
Registering precompiled user dll's ...
Registered in 0.004411 seconds.
Begin MonoManager ReloadAssembly
Native extension for WindowsStandalone target not found
Refreshing native plugins compatible for Editor in 0.29 ms, found 0 plugins.
Preloading 0 native plugins for Editor in 0.00 ms.
Invoked RoslynAnalysisRunner static constructor.
RoslynAnalysisRunner will not be running.
RoslynAnalysisRunner has terminated.
Mono: successfully reloaded assembly
- Completed reload, in  0.886 seconds
Platform modules already initialized, skipping
Refreshing native plugins compatible for Editor in 0.31 ms, found 0 plugins.
Preloading 0 native plugins for Editor in 0.00 ms.
Unloading 1418 Unused Serialized files (Serialized files now loaded: 0)
System memory in use before: 67.2 MB.
System memory in use after: 67.2 MB.

Unloading 10 unused Assets to reduce memory usage. Loaded Objects now: 1954.
Total: 2.960600 ms (FindLiveObjects: 0.417200 ms CreateObjectMapping: 0.096100 ms MarkObjects: 2.329000 ms  DeleteObjects: 0.115600 ms)

========================================================================
Received Prepare
Registering precompiled user dll's ...
Registered in 0.004387 seconds.
Begin MonoManager ReloadAssembly
Native extension for WindowsStandalone target not found
Refreshing native plugins compatible for Editor in 0.24 ms, found 0 plugins.
Preloading 0 native plugins for Editor in 0.00 ms.
Invoked RoslynAnalysisRunner static constructor.
RoslynAnalysisRunner will not be running.
RoslynAnalysisRunner has terminated.
Mono: successfully reloaded assembly
- Completed reload, in  0.677 seconds
Platform modules already initialized, skipping
Refreshing native plugins compatible for Editor in 0.27 ms, found 0 plugins.
Preloading 0 native plugins for Editor in 0.00 ms.
Unloading 1418 Unused Serialized files (Serialized files now loaded: 0)
System memory in use before: 67.2 MB.
System memory in use after: 67.2 MB.

Unloading 10 unused Assets to reduce memory usage. Loaded Objects now: 1957.
Total: 1.675900 ms (FindLiveObjects: 0.154700 ms CreateObjectMapping: 0.044800 ms MarkObjects: 1.425900 ms  DeleteObjects: 0.049600 ms)

========================================================================
Received Prepare
Registering precompiled user dll's ...
Registered in 0.004029 seconds.
Begin MonoManager ReloadAssembly
Native extension for WindowsStandalone target not found
Refreshing native plugins compatible for Editor in 0.27 ms, found 0 plugins.
Preloading 0 native plugins for Editor in 0.00 ms.
Invoked RoslynAnalysisRunner static constructor.
RoslynAnalysisRunner will not be running.
RoslynAnalysisRunner has terminated.
Mono: successfully reloaded assembly
- Completed reload, in  0.908 seconds
Platform modules already initialized, skipping
Refreshing native plugins compatible for Editor in 0.41 ms, found 0 plugins.
Preloading 0 native plugins for Editor in 0.00 ms.
Unloading 1418 Unused Serialized files (Serialized files now loaded: 0)
System memory in use before: 67.2 MB.
System memory in use after: 67.2 MB.

Unloading 10 unused Assets to reduce memory usage. Loaded Objects now: 1960.
Total: 3.448100 ms (FindLiveObjects: 0.639200 ms CreateObjectMapping: 0.161800 ms MarkObjects: 2.596900 ms  DeleteObjects: 0.048400 ms)

========================================================================
Received Prepare
Registering precompiled user dll's ...
Registered in 0.004196 seconds.
Begin MonoManager ReloadAssembly
Native extension for WindowsStandalone target not found
Refreshing native plugins compatible for Editor in 0.30 ms, found 0 plugins.
Preloading 0 native plugins for Editor in 0.00 ms.
Invoked RoslynAnalysisRunner static constructor.
RoslynAnalysisRunner will not be running.
RoslynAnalysisRunner has terminated.
Mono: successfully reloaded assembly
- Completed reload, in  0.879 seconds
Platform modules already initialized, skipping
Refreshing native plugins compatible for Editor in 0.34 ms, found 0 plugins.
Preloading 0 native plugins for Editor in 0.00 ms.
Unloading 1418 Unused Serialized files (Serialized files now loaded: 0)
System memory in use before: 67.2 MB.
System memory in use after: 67.2 MB.

Unloading 10 unused Assets to reduce memory usage. Loaded Objects now: 1963.
Total: 2.864900 ms (FindLiveObjects: 0.574300 ms CreateObjectMapping: 0.109200 ms MarkObjects: 2.097600 ms  DeleteObjects: 0.080700 ms)

========================================================================
Received Prepare
Registering precompiled user dll's ...
Registered in 0.004452 seconds.
Begin MonoManager ReloadAssembly
Native extension for WindowsStandalone target not found
Refreshing native plugins compatible for Editor in 0.51 ms, found 0 plugins.
Preloading 0 native plugins for Editor in 0.00 ms.
Invoked RoslynAnalysisRunner static constructor.
RoslynAnalysisRunner will not be running.
RoslynAnalysisRunner has terminated.
Mono: successfully reloaded assembly
- Completed reload, in  0.875 seconds
Platform modules already initialized, skipping
Refreshing native plugins compatible for Editor in 0.29 ms, found 0 plugins.
Preloading 0 native plugins for Editor in 0.00 ms.
Unloading 1418 Unused Serialized files (Serialized files now loaded: 0)
System memory in use before: 67.2 MB.
System memory in use after: 67.2 MB.

Unloading 10 unused Assets to reduce memory usage. Loaded Objects now: 1966.
Total: 2.223300 ms (FindLiveObjects: 0.226600 ms CreateObjectMapping: 0.055400 ms MarkObjects: 1.890200 ms  DeleteObjects: 0.049400 ms)

========================================================================
Received Prepare
Registering precompiled user dll's ...
Registered in 0.004762 seconds.
Begin MonoManager ReloadAssembly
Native extension for WindowsStandalone target not found
Refreshing native plugins compatible for Editor in 0.25 ms, found 0 plugins.
Preloading 0 native plugins for Editor in 0.00 ms.
Invoked RoslynAnalysisRunner static constructor.
RoslynAnalysisRunner will not be running.
RoslynAnalysisRunner has terminated.
Mono: successfully reloaded assembly
- Completed reload, in  0.816 seconds
Platform modules already initialized, skipping
Refreshing native plugins compatible for Editor in 0.34 ms, found 0 plugins.
Preloading 0 native plugins for Editor in 0.00 ms.
Unloading 1418 Unused Serialized files (Serialized files now loaded: 0)
System memory in use before: 67.2 MB.
System memory in use after: 67.3 MB.

Unloading 10 unused Assets to reduce memory usage. Loaded Objects now: 1969.
Total: 2.962300 ms (FindLiveObjects: 0.345200 ms CreateObjectMapping: 0.154500 ms MarkObjects: 2.374000 ms  DeleteObjects: 0.087000 ms)

========================================================================
Received Prepare
Registering precompiled user dll's ...
Registered in 0.004730 seconds.
Begin MonoManager ReloadAssembly
Native extension for WindowsStandalone target not found
Refreshing native plugins compatible for Editor in 0.51 ms, found 0 plugins.
Preloading 0 native plugins for Editor in 0.00 ms.
Invoked RoslynAnalysisRunner static constructor.
RoslynAnalysisRunner will not be running.
RoslynAnalysisRunner has terminated.
Mono: successfully reloaded assembly
- Completed reload, in  0.894 seconds
Platform modules already initialized, skipping
Refreshing native plugins compatible for Editor in 0.48 ms, found 0 plugins.
Preloading 0 native plugins for Editor in 0.00 ms.
Unloading 1418 Unused Serialized files (Serialized files now loaded: 0)
System memory in use before: 67.2 MB.
System memory in use after: 67.3 MB.

Unloading 10 unused Assets to reduce memory usage. Loaded Objects now: 1972.
Total: 3.011000 ms (FindLiveObjects: 0.254300 ms CreateObjectMapping: 0.242700 ms MarkObjects: 2.404500 ms  DeleteObjects: 0.107200 ms)

========================================================================
Received Prepare
Registering precompiled user dll's ...
Registered in 0.003721 seconds.
Begin MonoManager ReloadAssembly
Native extension for WindowsStandalone target not found
Refreshing native plugins compatible for Editor in 0.24 ms, found 0 plugins.
Preloading 0 native plugins for Editor in 0.00 ms.
Invoked RoslynAnalysisRunner static constructor.
RoslynAnalysisRunner will not be running.
RoslynAnalysisRunner has terminated.
Mono: successfully reloaded assembly
- Completed reload, in  0.652 seconds
Platform modules already initialized, skipping
Refreshing native plugins compatible for Editor in 0.24 ms, found 0 plugins.
Preloading 0 native plugins for Editor in 0.00 ms.
Unloading 1418 Unused Serialized files (Serialized files now loaded: 0)
System memory in use before: 67.2 MB.
System memory in use after: 67.3 MB.

Unloading 10 unused Assets to reduce memory usage. Loaded Objects now: 1975.
Total: 1.708300 ms (FindLiveObjects: 0.236200 ms CreateObjectMapping: 0.070500 ms MarkObjects: 1.357500 ms  DeleteObjects: 0.042900 ms)

========================================================================
Received Prepare
Registering precompiled user dll's ...
Registered in 0.004407 seconds.
Begin MonoManager ReloadAssembly
Native extension for WindowsStandalone target not found
Refreshing native plugins compatible for Editor in 0.69 ms, found 0 plugins.
Preloading 0 native plugins for Editor in 0.00 ms.
Invoked RoslynAnalysisRunner static constructor.
RoslynAnalysisRunner will not be running.
RoslynAnalysisRunner has terminated.
Mono: successfully reloaded assembly
- Completed reload, in  0.901 seconds
Platform modules already initialized, skipping
Refreshing native plugins compatible for Editor in 0.37 ms, found 0 plugins.
Preloading 0 native plugins for Editor in 0.00 ms.
Unloading 1418 Unused Serialized files (Serialized files now loaded: 0)
System memory in use before: 67.2 MB.
System memory in use after: 67.3 MB.

Unloading 10 unused Assets to reduce memory usage. Loaded Objects now: 1978.
Total: 2.614400 ms (FindLiveObjects: 0.343300 ms CreateObjectMapping: 0.128600 ms MarkObjects: 1.980200 ms  DeleteObjects: 0.158300 ms)

========================================================================
Received Prepare
Registering precompiled user dll's ...
Registered in 0.006252 seconds.
Begin MonoManager ReloadAssembly
Native extension for WindowsStandalone target not found
Refreshing native plugins compatible for Editor in 0.29 ms, found 0 plugins.
Preloading 0 native plugins for Editor in 0.00 ms.
Invoked RoslynAnalysisRunner static constructor.
RoslynAnalysisRunner will not be running.
RoslynAnalysisRunner has terminated.
Mono: successfully reloaded assembly
- Completed reload, in  0.867 seconds
Platform modules already initialized, skipping
Refreshing native plugins compatible for Editor in 0.61 ms, found 0 plugins.
Preloading 0 native plugins for Editor in 0.00 ms.
Unloading 1418 Unused Serialized files (Serialized files now loaded: 0)
System memory in use before: 67.2 MB.
System memory in use after: 67.3 MB.

Unloading 10 unused Assets to reduce memory usage. Loaded Objects now: 1981.
Total: 2.767700 ms (FindLiveObjects: 0.461900 ms CreateObjectMapping: 0.073400 ms MarkObjects: 2.171800 ms  DeleteObjects: 0.059000 ms)

========================================================================
Received Prepare
Registering precompiled user dll's ...
Registered in 0.004837 seconds.
Begin MonoManager ReloadAssembly
Native extension for WindowsStandalone target not found
Refreshing native plugins compatible for Editor in 0.42 ms, found 0 plugins.
Preloading 0 native plugins for Editor in 0.00 ms.
Invoked RoslynAnalysisRunner static constructor.
RoslynAnalysisRunner will not be running.
RoslynAnalysisRunner has terminated.
Mono: successfully reloaded assembly
- Completed reload, in  0.889 seconds
Platform modules already initialized, skipping
Refreshing native plugins compatible for Editor in 0.39 ms, found 0 plugins.
Preloading 0 native plugins for Editor in 0.00 ms.
Unloading 1418 Unused Serialized files (Serialized files now loaded: 0)
System memory in use before: 67.2 MB.
System memory in use after: 67.3 MB.

Unloading 10 unused Assets to reduce memory usage. Loaded Objects now: 1984.
Total: 2.066600 ms (FindLiveObjects: 0.344300 ms CreateObjectMapping: 0.094600 ms MarkObjects: 1.575900 ms  DeleteObjects: 0.048500 ms)

AssetImportWorkerClient::OnTransportError - code=2 error=End of file
